\BOOKMARK [0][-]{chapter*.2}{List of Figures}{}% 1
\BOOKMARK [0][-]{chapter*.3}{List of listings}{}% 2
\BOOKMARK [0][-]{chapter*.4}{List of Tables}{}% 3
\BOOKMARK [0][-]{chapter*.5}{Abstract}{}% 4
\BOOKMARK [0][-]{chapter*.6}{Goals}{}% 5
\BOOKMARK [0][-]{chapter*.7}{Outline}{}% 6
\BOOKMARK [0][-]{chapter.1}{Introduction}{}% 7
\BOOKMARK [1][-]{section.1.1}{Domain overview}{chapter.1}% 8
\BOOKMARK [2][-]{subsection.1.1.1}{How evolutionary algorithms are used nowadays?}{section.1.1}% 9
\BOOKMARK [2][-]{subsection.1.1.2}{Disadvantages}{section.1.1}% 10
\BOOKMARK [1][-]{section.1.2}{Solution proposal}{chapter.1}% 11
\BOOKMARK [2][-]{subsection.1.2.1}{Non-functional requirements}{section.1.2}% 12
\BOOKMARK [2][-]{subsection.1.2.2}{Functional requirements}{section.1.2}% 13
\BOOKMARK [0][-]{chapter.2}{Existing solutions overview}{}% 14
\BOOKMARK [1][-]{section.2.1}{Apache.math.genetics}{chapter.2}% 15
\BOOKMARK [1][-]{section.2.2}{Java Jenetics}{chapter.2}% 16
\BOOKMARK [1][-]{section.2.3}{Conclusions of overview}{chapter.2}% 17
\BOOKMARK [0][-]{chapter.3}{Author's solution}{}% 18
\BOOKMARK [1][-]{section.3.1}{Implementation overview}{chapter.3}% 19
\BOOKMARK [2][-]{subsection.3.1.1}{Technology stack}{section.3.1}% 20
\BOOKMARK [2][-]{subsection.3.1.2}{Development tools}{section.3.1}% 21
\BOOKMARK [2][-]{subsection.3.1.3}{Core components}{section.3.1}% 22
\BOOKMARK [2][-]{subsection.3.1.4}{Project structure}{section.3.1}% 23
\BOOKMARK [1][-]{section.3.2}{Usage}{chapter.3}% 24
\BOOKMARK [2][-]{subsection.3.2.1}{Requirements}{section.3.2}% 25
\BOOKMARK [2][-]{subsection.3.2.2}{API}{section.3.2}% 26
\BOOKMARK [1][-]{section.3.3}{Meeting the predefined requirements}{chapter.3}% 27
\BOOKMARK [0][-]{chapter.4}{Experiments}{}% 28
\BOOKMARK [1][-]{section.4.1}{Testing environment}{chapter.4}% 29
\BOOKMARK [2][-]{subsection.4.1.1}{Settings}{section.4.1}% 30
\BOOKMARK [2][-]{subsection.4.1.2}{Hardware}{section.4.1}% 31
\BOOKMARK [1][-]{section.4.2}{Parallelization and its benefits}{chapter.4}% 32
\BOOKMARK [1][-]{section.4.3}{Sequential behavior}{chapter.4}% 33
\BOOKMARK [1][-]{section.4.4}{Measuring parallelization impact}{chapter.4}% 34
\BOOKMARK [2][-]{subsection.4.4.1}{Performance increase}{section.4.4}% 35
\BOOKMARK [2][-]{subsection.4.4.2}{CPU Load}{section.4.4}% 36
\BOOKMARK [0][-]{chapter*.11}{Conclusions}{}% 37
\BOOKMARK [0][-]{chapter*.12}{Bibliography}{}% 38
